[2025-07-02 12:17:04] [Render thread/INFO] [CustomSkinLoader Core]: CustomSkinLoader 14.24
[2025-07-02 12:17:04] [Render thread/INFO] [CustomSkinLoader Core]: DataDir: /home/damien/.local/share/multimc/instances/1.20.1/.minecraft/CustomSkinLoader
[2025-07-02 12:17:04] [Render thread/INFO] [CustomSkinLoader Core]: Operating System: Linux (amd64) version 6.8.0-62-generic
[2025-07-02 12:17:04] [Render thread/INFO] [CustomSkinLoader Core]: Java Version: 21.0.7, Ubuntu
[2025-07-02 12:17:04] [Render thread/INFO] [CustomSkinLoader Core]: Java VM Version: OpenJDK 64-Bit Server VM (mixed mode, sharing), Ubuntu
[2025-07-02 12:17:04] [Render thread/INFO] [CustomSkinLoader Core]: Minecraft: 1.20.1
[2025-07-02 12:17:04] [Render thread/INFO] [CustomSkinLoader Core]: Config File: /home/damien/.local/share/multimc/instances/1.20.1/.minecraft/CustomSkinLoader/CustomSkinLoader.json
[2025-07-02 12:17:04] [Render thread/INFO] [CustomSkinLoader Core]: Try to load config.
[2025-07-02 12:17:04] [Render thread/INFO] [CustomSkinLoader Core]: Successfully load config.
[2025-07-02 12:17:04] [Render thread/INFO] [CustomSkinLoader Core]: Add a profile loader: MojangAPI
[2025-07-02 12:17:04] [Render thread/INFO] [CustomSkinLoader Core]: Add a profile loader: Legacy
[2025-07-02 12:17:04] [Render thread/INFO] [CustomSkinLoader Core]: Add a profile loader: CustomSkinAPI
[2025-07-02 12:17:04] [Render thread/INFO] [CustomSkinLoader Core]: Add a profile loader: CustomSKinAPIPlus
[2025-07-02 12:17:04] [Render thread/INFO] [CustomSkinLoader Core]: Add a profile loader: UniSkinAPI
[2025-07-02 12:17:04] [Render thread/INFO] [CustomSkinLoader Core]: Add a profile loader: ElyByAPI
[2025-07-02 12:17:04] [Render thread/INFO] [CustomSkinLoader Core]: Add a profile loader: GlitchlessAPI
[2025-07-02 12:17:04] [Render thread/INFO] [CustomSkinLoader Core]: Add a profile loader: MinecraftCapesAPI
[2025-07-02 12:17:04] [Render thread/INFO] [CustomSkinLoader Core]: Add a profile loader: WynntilsAPI
[2025-07-02 12:17:04] [Render thread/INFO] [CustomSkinLoader Core]: Successfully update config.
[2025-07-02 12:17:04] [Render thread/INFO] [CustomSkinLoader Core]: version : 14.24
[2025-07-02 12:17:04] [Render thread/INFO] [CustomSkinLoader Core]: buildNumber : 33
[2025-07-02 12:17:04] [Render thread/INFO] [CustomSkinLoader Core]: loadlist : [{ "name": "SMP2ISkinAPI", "type": "Legacy", "checkPNG": "false", "skin": "https://raw.githubusercontent.com/SMP2I-Community/SkinAPI/refs/heads/main/{USERNAME}_skin.png", "model": "auto", "cape": "https://raw.githubusercontent.com/SMP2I-Community/SkinAPI/refs/heads/main/{USERNAME}.png" }, { "name": "Mojang", "type": "MojangAPI", "apiRoot": "https://api.mojang.com/", "sessionRoot": "https://sessionserver.mojang.com/" }, { "name": "LittleSkin", "type": "CustomSkinAPI", "root": "https://littleskin.cn/csl/" }, { "name": "BlessingSkin", "type": "CustomSkinAPI", "root": "https://skin.prinzeugen.net/" }, { "name": "ElyBy", "type": "ElyByAPI", "root": "http://skinsystem.ely.by/textures/" }, { "name": "SkinMe", "type": "UniSkinAPI", "root": "http://www.skinme.cc/uniskin/" }, { "name": "TLauncher", "type": "ElyByAPI", "root": "https://auth.tlauncher.org/skin/profile/texture/login/" }, { "name": "GlitchlessGames", "type": "GlitchlessAPI", "root": "https://games.glitchless.ru/api/minecraft/users/profiles/textures/?nickname=" }, { "name": "LocalSkin", "type": "Legacy", "checkPNG": "false", "skin": "LocalSkin/skins/{USERNAME}.png", "model": "auto", "cape": "LocalSkin/capes/{USERNAME}.png", "elytra": "LocalSkin/elytras/{USERNAME}.png" }, { "name": "MinecraftCapes", "type": "MinecraftCapesAPI", "root": "https://api.minecraftcapes.net/profile/" }, { "name": "OptiFine", "type": "Legacy", "checkPNG": "false", "model": "auto", "cape": "https://optifine.net/capes/{USERNAME}.png" }, { "name": "Wynntils", "type": "WynntilsAPI", "root": "https://athena.wynntils.com/user/getInfo" }, { "name": "CloakPlus", "type": "Legacy", "checkPNG": "false", "model": "auto", "cape": "http://161.35.130.99/capes/{USERNAME}.png" }, { "name": "Cosmetica", "type": "Legacy", "checkPNG": "false", "model": "auto", "cape": "https://api.cosmetica.cc/get/cloak?username={USERNAME}&uuid={STANDARD_UUID}&nothirdparty" }]
[2025-07-02 12:17:04] [Render thread/INFO] [CustomSkinLoader Core]: enableDynamicSkull : true
[2025-07-02 12:17:04] [Render thread/INFO] [CustomSkinLoader Core]: enableTransparentSkin : true
[2025-07-02 12:17:04] [Render thread/INFO] [CustomSkinLoader Core]: forceLoadAllTextures : true
[2025-07-02 12:17:04] [Render thread/INFO] [CustomSkinLoader Core]: enableCape : true
[2025-07-02 12:17:04] [Render thread/INFO] [CustomSkinLoader Core]: threadPoolSize : 8
[2025-07-02 12:17:04] [Render thread/INFO] [CustomSkinLoader Core]: enableLogStdOut : false
[2025-07-02 12:17:04] [Render thread/INFO] [CustomSkinLoader Core]: cacheExpiry : 30
[2025-07-02 12:17:04] [Render thread/INFO] [CustomSkinLoader Core]: forceUpdateSkull : false
[2025-07-02 12:17:04] [Render thread/INFO] [CustomSkinLoader Core]: enableLocalProfileCache : false
[2025-07-02 12:17:04] [Render thread/INFO] [CustomSkinLoader Core]: enableCacheAutoClean : false
[2025-07-02 12:17:04] [Render thread/INFO] [CustomSkinLoader Core]: forceDisableCache : false
[2025-07-02 12:17:04] [Dams4K/INFO] [CustomSkinLoader Core]: Loading Dams4K's profile.
[2025-07-02 12:17:04] [Dams4K/INFO] [CustomSkinLoader Core]: 1/14 Try to load profile from 'SMP2ISkinAPI'.
[2025-07-02 12:17:04] [Dams4K/DEBUG] [CustomSkinLoader Core]: Try to request 'https://raw.githubusercontent.com/SMP2I-Community/SkinAPI/refs/heads/main/Dams4K_skin.png'.
[2025-07-02 12:17:04] [Dams4K/DEBUG] [CustomSkinLoader Core]: Cache file found (Length: 2005 , Path: '/home/damien/.local/share/multimc/instances/1.20.1/.minecraft/CustomSkinLoader/caches/3ebd4437b3b42a07dbeaaa0ea9b19ee74a549962' , Expire: 1751451668)
[2025-07-02 12:17:04] [Dams4K/DEBUG] [CustomSkinLoader Core]: Try to request 'https://raw.githubusercontent.com/SMP2I-Community/SkinAPI/refs/heads/main/Dams4K.png'.
[2025-07-02 12:17:04] [Dams4K/DEBUG] [CustomSkinLoader Core]: Cache file found (Length: 1862 , Path: '/home/damien/.local/share/multimc/instances/1.20.1/.minecraft/CustomSkinLoader/caches/fcd75fd0266801ee19f54d1b71160265180b255f' , Expire: 1751451518)
[2025-07-02 12:17:04] [Dams4K/INFO] [CustomSkinLoader Core]: Dams4K's profile loaded.
[2025-07-02 12:17:04] [Dams4K/INFO] [CustomSkinLoader Core]: (SkinUrl: (LEGACY)https://raw.githubusercontent.com/SMP2I-Community/SkinAPI/refs/heads/main/Dams4K_skin.png , Model: auto , CapeUrl: (LEGACY)https://raw.githubusercontent.com/SMP2I-Community/SkinAPI/refs/heads/main/Dams4K.png  , Expiry: 1751451454)
